<?xml version="1.0" encoding="UTF-8"?>
<testng-results ignored="0" total="1" passed="1" failed="0" skipped="0">
  <reporter-output>
  </reporter-output>
  <suite started-at="2020-05-18T11:55:05Z" name="Default suite" finished-at="2020-05-18T11:55:07Z" duration-ms="2368">
    <groups>
    </groups>
    <test started-at="2020-05-18T11:55:05Z" name="Default test" finished-at="2020-05-18T11:55:07Z" duration-ms="2368">
      <class name="RestAPILibrary.DataFromJsonFile">
        <test-method signature="test()[pri:0, instance:RestAPILibrary.DataFromJsonFile@e15b7e8]" started-at="2020-05-18T11:55:05Z" name="test" finished-at="2020-05-18T11:55:07Z" duration-ms="2347" status="PASS">
          <reporter-output>
          </reporter-output>
        </test-method> <!-- test -->
      </class> <!-- RestAPILibrary.DataFromJsonFile -->
    </test> <!-- Default test -->
  </suite> <!-- Default suite -->
</testng-results>
